<?xml version="1.0" encoding="UTF-8"?>
<!-- Generated by org.testng.reporters.JUnitXMLReporter -->
<testsuite ignored="0" hostname="Rishis-MacBook-Pro.local" failures="0" tests="4" name="Default test" time="61.125" errors="0" timestamp="2022-05-27T02:43:02 PDT">
  <testcase classname="com.apex.samples1.DataProviderLogin" name="loginTest" time="9.73"/>
  <testcase classname="com.apex.samples1.DataProviderLogin" name="loginTest" time="9.673"/>
  <testcase classname="com.apex.samples1.DataProviderLogin" name="loginTest" time="9.55"/>
  <testcase classname="com.apex.samples1.DataProviderLogin" name="loginTest" time="14.74"/>
</testsuite> <!-- Default test -->
