<?xml version="1.0" encoding="UTF-8"?>
<testng-results ignored="0" total="4" passed="4" failed="0" skipped="0">
  <reporter-output>
  </reporter-output>
  <suite started-at="2022-05-27T02:42:01 PDT" name="Default suite" finished-at="2022-05-27T02:43:02 PDT" duration-ms="61125">
    <groups>
    </groups>
    <test started-at="2022-05-27T02:42:01 PDT" name="Default test" finished-at="2022-05-27T02:43:02 PDT" duration-ms="61125">
      <class name="com.apex.samples1.DataProviderLogin">
        <test-method is-config="true" signature="setUp()[pri:0, instance:com.apex.samples1.DataProviderLogin@169e6180]" started-at="2022-05-27T02:42:03 PDT" name="setUp" finished-at="2022-05-27T02:42:09 PDT" duration-ms="6423" status="PASS">
          <reporter-output>
          </reporter-output>
        </test-method> <!-- setUp -->
        <test-method signature="loginTest(java.lang.String,java.lang.String)[pri:0, instance:com.apex.samples1.DataProviderLogin@169e6180]" started-at="2022-05-27T02:42:09 PDT" name="loginTest" data-provider="testData" finished-at="2022-05-27T02:42:19 PDT" duration-ms="9730" status="PASS">
          <params>
            <param index="0">
              <value>
                <![CDATA[standard_user]]>
              </value>
            </param>
            <param index="1">
              <value>
                <![CDATA[secret_sauce]]>
              </value>
            </param>
          </params>
          <reporter-output>
          </reporter-output>
        </test-method> <!-- loginTest -->
        <test-method is-config="true" signature="tearDown()[pri:0, instance:com.apex.samples1.DataProviderLogin@169e6180]" started-at="2022-05-27T02:42:19 PDT" name="tearDown" finished-at="2022-05-27T02:42:19 PDT" duration-ms="102" status="PASS">
          <reporter-output>
          </reporter-output>
        </test-method> <!-- tearDown -->
        <test-method is-config="true" signature="setUp()[pri:0, instance:com.apex.samples1.DataProviderLogin@169e6180]" started-at="2022-05-27T02:42:19 PDT" name="setUp" finished-at="2022-05-27T02:42:22 PDT" duration-ms="3378" status="PASS">
          <reporter-output>
          </reporter-output>
        </test-method> <!-- setUp -->
        <test-method signature="loginTest(java.lang.String,java.lang.String)[pri:0, instance:com.apex.samples1.DataProviderLogin@169e6180]" started-at="2022-05-27T02:42:22 PDT" name="loginTest" data-provider="testData" finished-at="2022-05-27T02:42:32 PDT" duration-ms="9673" status="PASS">
          <params>
            <param index="0">
              <value>
                <![CDATA[locked_out_user]]>
              </value>
            </param>
            <param index="1">
              <value>
                <![CDATA[secret_sauce]]>
              </value>
            </param>
          </params>
          <reporter-output>
          </reporter-output>
        </test-method> <!-- loginTest -->
        <test-method is-config="true" signature="tearDown()[pri:0, instance:com.apex.samples1.DataProviderLogin@169e6180]" started-at="2022-05-27T02:42:32 PDT" name="tearDown" finished-at="2022-05-27T02:42:32 PDT" duration-ms="154" status="PASS">
          <reporter-output>
          </reporter-output>
        </test-method> <!-- tearDown -->
        <test-method is-config="true" signature="setUp()[pri:0, instance:com.apex.samples1.DataProviderLogin@169e6180]" started-at="2022-05-27T02:42:32 PDT" name="setUp" finished-at="2022-05-27T02:42:35 PDT" duration-ms="2719" status="PASS">
          <reporter-output>
          </reporter-output>
        </test-method> <!-- setUp -->
        <test-method signature="loginTest(java.lang.String,java.lang.String)[pri:0, instance:com.apex.samples1.DataProviderLogin@169e6180]" started-at="2022-05-27T02:42:35 PDT" name="loginTest" data-provider="testData" finished-at="2022-05-27T02:42:44 PDT" duration-ms="9550" status="PASS">
          <params>
            <param index="0">
              <value>
                <![CDATA[problem_user]]>
              </value>
            </param>
            <param index="1">
              <value>
                <![CDATA[secret_sauce]]>
              </value>
            </param>
          </params>
          <reporter-output>
          </reporter-output>
        </test-method> <!-- loginTest -->
        <test-method is-config="true" signature="tearDown()[pri:0, instance:com.apex.samples1.DataProviderLogin@169e6180]" started-at="2022-05-27T02:42:44 PDT" name="tearDown" finished-at="2022-05-27T02:42:44 PDT" duration-ms="81" status="PASS">
          <reporter-output>
          </reporter-output>
        </test-method> <!-- tearDown -->
        <test-method is-config="true" signature="setUp()[pri:0, instance:com.apex.samples1.DataProviderLogin@169e6180]" started-at="2022-05-27T02:42:44 PDT" name="setUp" finished-at="2022-05-27T02:42:47 PDT" duration-ms="2648" status="PASS">
          <reporter-output>
          </reporter-output>
        </test-method> <!-- setUp -->
        <test-method signature="loginTest(java.lang.String,java.lang.String)[pri:0, instance:com.apex.samples1.DataProviderLogin@169e6180]" started-at="2022-05-27T02:42:47 PDT" name="loginTest" data-provider="testData" finished-at="2022-05-27T02:43:02 PDT" duration-ms="14740" status="PASS">
          <params>
            <param index="0">
              <value>
                <![CDATA[performance_glitch_user]]>
              </value>
            </param>
            <param index="1">
              <value>
                <![CDATA[secret_sauce]]>
              </value>
            </param>
          </params>
          <reporter-output>
          </reporter-output>
        </test-method> <!-- loginTest -->
        <test-method is-config="true" signature="tearDown()[pri:0, instance:com.apex.samples1.DataProviderLogin@169e6180]" started-at="2022-05-27T02:43:02 PDT" name="tearDown" finished-at="2022-05-27T02:43:02 PDT" duration-ms="183" status="PASS">
          <reporter-output>
          </reporter-output>
        </test-method> <!-- tearDown -->
      </class> <!-- com.apex.samples1.DataProviderLogin -->
    </test> <!-- Default test -->
  </suite> <!-- Default suite -->
</testng-results>
